{"name":"hexo","hostname":"MacBook-Pro-2.local","pid":23833,"level":20,"msg":"Hexo version: \u001b[35m3.3.1\u001b[39m","time":"2017-04-24T07:41:02.716Z","v":0}
{"name":"hexo","hostname":"MacBook-Pro-2.local","pid":23833,"level":20,"msg":"Working directory: \u001b[35m~/Documents/imzmx/\u001b[39m","time":"2017-04-24T07:41:02.718Z","v":0}
{"name":"hexo","hostname":"MacBook-Pro-2.local","pid":23833,"level":20,"msg":"Config loaded: \u001b[35m~/Documents/imzmx/_config.yml\u001b[39m","time":"2017-04-24T07:41:02.830Z","v":0}
{"name":"hexo","hostname":"MacBook-Pro-2.local","pid":23833,"level":20,"msg":"Script loaded: \u001b[35mthemes/indigo/scripts/plugins.js\u001b[39m","time":"2017-04-24T07:41:02.849Z","v":0}
{"name":"hexo","hostname":"MacBook-Pro-2.local","pid":23833,"level":20,"msg":"Plugin loaded: \u001b[35mhexo-deployer-git\u001b[39m","time":"2017-04-24T07:41:02.853Z","v":0}
{"name":"hexo","hostname":"MacBook-Pro-2.local","pid":23833,"level":20,"msg":"Plugin loaded: \u001b[35mhexo-generator-archive\u001b[39m","time":"2017-04-24T07:41:02.858Z","v":0}
{"name":"hexo","hostname":"MacBook-Pro-2.local","pid":23833,"level":20,"msg":"Plugin loaded: \u001b[35mhexo-generator-category\u001b[39m","time":"2017-04-24T07:41:02.860Z","v":0}
{"name":"hexo","hostname":"MacBook-Pro-2.local","pid":23833,"level":20,"msg":"Plugin loaded: \u001b[35mhexo-generator-feed\u001b[39m","time":"2017-04-24T07:41:02.864Z","v":0}
{"name":"hexo","hostname":"MacBook-Pro-2.local","pid":23833,"level":20,"msg":"Plugin loaded: \u001b[35mhexo-generator-index\u001b[39m","time":"2017-04-24T07:41:02.865Z","v":0}
{"name":"hexo","hostname":"MacBook-Pro-2.local","pid":23833,"level":20,"msg":"Plugin loaded: \u001b[35mhexo-generator-json-content\u001b[39m","time":"2017-04-24T07:41:02.908Z","v":0}
{"name":"hexo","hostname":"MacBook-Pro-2.local","pid":23833,"level":20,"msg":"Plugin loaded: \u001b[35mhexo-generator-tag\u001b[39m","time":"2017-04-24T07:41:02.911Z","v":0}
{"name":"hexo","hostname":"MacBook-Pro-2.local","pid":23833,"level":20,"msg":"Plugin loaded: \u001b[35mhexo-helper-qrcode\u001b[39m","time":"2017-04-24T07:41:02.919Z","v":0}
{"name":"hexo","hostname":"MacBook-Pro-2.local","pid":23833,"level":20,"msg":"Plugin loaded: \u001b[35mhexo-renderer-ejs\u001b[39m","time":"2017-04-24T07:41:02.922Z","v":0}
{"name":"hexo","hostname":"MacBook-Pro-2.local","pid":23833,"level":20,"msg":"Plugin loaded: \u001b[35mhexo-renderer-less\u001b[39m","time":"2017-04-24T07:41:02.984Z","v":0}
{"name":"hexo","hostname":"MacBook-Pro-2.local","pid":23833,"level":20,"msg":"Plugin loaded: \u001b[35mhexo-renderer-marked\u001b[39m","time":"2017-04-24T07:41:02.992Z","v":0}
{"name":"hexo","hostname":"MacBook-Pro-2.local","pid":23833,"level":20,"msg":"Plugin loaded: \u001b[35mhexo-renderer-stylus\u001b[39m","time":"2017-04-24T07:41:02.996Z","v":0}
{"name":"hexo","hostname":"MacBook-Pro-2.local","pid":23833,"level":20,"msg":"Plugin loaded: \u001b[35mhexo-server\u001b[39m","time":"2017-04-24T07:41:03.076Z","v":0}
{"name":"hexo","hostname":"MacBook-Pro-2.local","pid":23833,"level":20,"msg":"Database saved","time":"2017-04-24T07:41:03.083Z","v":0}
{"name":"hexo","hostname":"messiah-3.local","pid":72966,"level":20,"msg":"Hexo version: \u001b[35m3.3.1\u001b[39m","time":"2017-07-06T09:40:39.830Z","v":0}
{"name":"hexo","hostname":"messiah-3.local","pid":72966,"level":20,"msg":"Working directory: \u001b[35m~/Documents/imzmx/\u001b[39m","time":"2017-07-06T09:40:39.832Z","v":0}
{"name":"hexo","hostname":"messiah-3.local","pid":72966,"level":20,"msg":"Config loaded: \u001b[35m~/Documents/imzmx/_config.yml\u001b[39m","time":"2017-07-06T09:40:40.191Z","v":0}
{"name":"hexo","hostname":"messiah-3.local","pid":72966,"level":20,"msg":"Script loaded: \u001b[35mthemes/indigo/scripts/plugins.js\u001b[39m","time":"2017-07-06T09:40:40.255Z","v":0}
{"name":"hexo","hostname":"messiah-3.local","pid":72966,"level":20,"msg":"Plugin loaded: \u001b[35mhexo-admin-qiniu\u001b[39m","time":"2017-07-06T09:40:40.461Z","v":0}
{"name":"hexo","hostname":"messiah-3.local","pid":72966,"level":20,"msg":"Plugin loaded: \u001b[35mhexo-algolia\u001b[39m","time":"2017-07-06T09:40:40.570Z","v":0}
{"name":"hexo","hostname":"messiah-3.local","pid":72966,"level":20,"msg":"Plugin loaded: \u001b[35mhexo-asset-image\u001b[39m","time":"2017-07-06T09:40:40.792Z","v":0}
{"name":"hexo","hostname":"messiah-3.local","pid":72966,"level":20,"msg":"Plugin loaded: \u001b[35mhexo-deployer-git\u001b[39m","time":"2017-07-06T09:40:40.797Z","v":0}
{"name":"hexo","hostname":"messiah-3.local","pid":72966,"level":20,"msg":"Plugin loaded: \u001b[35mhexo-generator-archive\u001b[39m","time":"2017-07-06T09:40:40.826Z","v":0}
{"name":"hexo","hostname":"messiah-3.local","pid":72966,"level":20,"msg":"Plugin loaded: \u001b[35mhexo-generator-category\u001b[39m","time":"2017-07-06T09:40:40.837Z","v":0}
{"name":"hexo","hostname":"messiah-3.local","pid":72966,"level":20,"msg":"Plugin loaded: \u001b[35mhexo-generator-feed\u001b[39m","time":"2017-07-06T09:40:40.860Z","v":0}
{"name":"hexo","hostname":"messiah-3.local","pid":72966,"level":20,"msg":"Plugin loaded: \u001b[35mhexo-generator-index\u001b[39m","time":"2017-07-06T09:40:40.862Z","v":0}
{"name":"hexo","hostname":"messiah-3.local","pid":72966,"level":20,"msg":"Plugin loaded: \u001b[35mhexo-generator-json-content\u001b[39m","time":"2017-07-06T09:40:40.993Z","v":0}
{"name":"hexo","hostname":"messiah-3.local","pid":72966,"level":20,"msg":"Plugin loaded: \u001b[35mhexo-generator-searchdb\u001b[39m","time":"2017-07-06T09:40:41.042Z","v":0}
{"name":"hexo","hostname":"messiah-3.local","pid":72966,"level":20,"msg":"Plugin loaded: \u001b[35mhexo-generator-tag\u001b[39m","time":"2017-07-06T09:40:41.046Z","v":0}
{"name":"hexo","hostname":"messiah-3.local","pid":72966,"level":20,"msg":"Plugin loaded: \u001b[35mhexo-helper-qrcode\u001b[39m","time":"2017-07-06T09:40:41.064Z","v":0}
{"name":"hexo","hostname":"messiah-3.local","pid":72966,"level":20,"msg":"Plugin loaded: \u001b[35mhexo-renderer-ejs\u001b[39m","time":"2017-07-06T09:40:41.066Z","v":0}
{"name":"hexo","hostname":"messiah-3.local","pid":72966,"level":20,"msg":"Plugin loaded: \u001b[35mhexo-renderer-less\u001b[39m","time":"2017-07-06T09:40:41.256Z","v":0}
{"name":"hexo","hostname":"messiah-3.local","pid":72966,"level":20,"msg":"Plugin loaded: \u001b[35mhexo-renderer-marked\u001b[39m","time":"2017-07-06T09:40:41.269Z","v":0}
{"name":"hexo","hostname":"messiah-3.local","pid":72966,"level":20,"msg":"Plugin loaded: \u001b[35mhexo-renderer-stylus\u001b[39m","time":"2017-07-06T09:40:41.271Z","v":0}
{"name":"hexo","hostname":"messiah-3.local","pid":72966,"level":20,"msg":"Plugin loaded: \u001b[35mhexo-server\u001b[39m","time":"2017-07-06T09:40:41.504Z","v":0}
{"name":"hexo","hostname":"messiah-3.local","pid":72966,"level":20,"msg":"Database saved","time":"2017-07-06T09:40:41.510Z","v":0}
{"name":"hexo","hostname":"messiah-3.local","pid":9641,"level":20,"msg":"Hexo version: \u001b[35m3.3.1\u001b[39m","time":"2017-07-07T01:50:42.254Z","v":0}
{"name":"hexo","hostname":"messiah-3.local","pid":9641,"level":20,"msg":"Working directory: \u001b[35m~/Documents/imzmx/\u001b[39m","time":"2017-07-07T01:50:42.256Z","v":0}
{"name":"hexo","hostname":"messiah-3.local","pid":9641,"level":20,"msg":"Config loaded: \u001b[35m~/Documents/imzmx/_config.yml\u001b[39m","time":"2017-07-07T01:50:42.557Z","v":0}
{"name":"hexo","hostname":"messiah-3.local","pid":9641,"level":20,"msg":"Script loaded: \u001b[35mthemes/indigo/scripts/plugins.js\u001b[39m","time":"2017-07-07T01:50:42.646Z","v":0}
{"name":"hexo","hostname":"messiah-3.local","pid":9641,"level":20,"msg":"Plugin loaded: \u001b[35mhexo-admin\u001b[39m","time":"2017-07-07T01:50:42.860Z","v":0}
{"name":"hexo","hostname":"messiah-3.local","pid":9641,"level":20,"msg":"Plugin loaded: \u001b[35mhexo-admin-qiniu\u001b[39m","time":"2017-07-07T01:50:42.870Z","v":0}
{"name":"hexo","hostname":"messiah-3.local","pid":9641,"level":20,"msg":"Plugin loaded: \u001b[35mhexo-algolia\u001b[39m","time":"2017-07-07T01:50:42.957Z","v":0}
{"name":"hexo","hostname":"messiah-3.local","pid":9641,"level":20,"msg":"Plugin loaded: \u001b[35mhexo-asset-image\u001b[39m","time":"2017-07-07T01:50:43.241Z","v":0}
{"name":"hexo","hostname":"messiah-3.local","pid":9641,"level":20,"msg":"Plugin loaded: \u001b[35mhexo-deployer-git\u001b[39m","time":"2017-07-07T01:50:43.246Z","v":0}
{"name":"hexo","hostname":"messiah-3.local","pid":9641,"level":20,"msg":"Plugin loaded: \u001b[35mhexo-generator-archive\u001b[39m","time":"2017-07-07T01:50:43.275Z","v":0}
{"name":"hexo","hostname":"messiah-3.local","pid":9641,"level":20,"msg":"Plugin loaded: \u001b[35mhexo-generator-category\u001b[39m","time":"2017-07-07T01:50:43.286Z","v":0}
{"name":"hexo","hostname":"messiah-3.local","pid":9641,"level":20,"msg":"Plugin loaded: \u001b[35mhexo-generator-feed\u001b[39m","time":"2017-07-07T01:50:43.307Z","v":0}
{"name":"hexo","hostname":"messiah-3.local","pid":9641,"level":20,"msg":"Plugin loaded: \u001b[35mhexo-generator-index\u001b[39m","time":"2017-07-07T01:50:43.314Z","v":0}
{"name":"hexo","hostname":"messiah-3.local","pid":9641,"level":20,"msg":"Plugin loaded: \u001b[35mhexo-generator-json-content\u001b[39m","time":"2017-07-07T01:50:43.435Z","v":0}
{"name":"hexo","hostname":"messiah-3.local","pid":9641,"level":20,"msg":"Plugin loaded: \u001b[35mhexo-generator-searchdb\u001b[39m","time":"2017-07-07T01:50:43.479Z","v":0}
{"name":"hexo","hostname":"messiah-3.local","pid":9641,"level":20,"msg":"Plugin loaded: \u001b[35mhexo-generator-tag\u001b[39m","time":"2017-07-07T01:50:43.483Z","v":0}
{"name":"hexo","hostname":"messiah-3.local","pid":9641,"level":20,"msg":"Plugin loaded: \u001b[35mhexo-helper-qrcode\u001b[39m","time":"2017-07-07T01:50:43.518Z","v":0}
{"name":"hexo","hostname":"messiah-3.local","pid":9641,"level":20,"msg":"Plugin loaded: \u001b[35mhexo-renderer-ejs\u001b[39m","time":"2017-07-07T01:50:43.521Z","v":0}
{"name":"hexo","hostname":"messiah-3.local","pid":9641,"level":20,"msg":"Plugin loaded: \u001b[35mhexo-renderer-less\u001b[39m","time":"2017-07-07T01:50:43.799Z","v":0}
{"name":"hexo","hostname":"messiah-3.local","pid":9641,"level":20,"msg":"Plugin loaded: \u001b[35mhexo-renderer-marked\u001b[39m","time":"2017-07-07T01:50:43.853Z","v":0}
{"name":"hexo","hostname":"messiah-3.local","pid":9641,"level":20,"msg":"Plugin loaded: \u001b[35mhexo-renderer-stylus\u001b[39m","time":"2017-07-07T01:50:43.858Z","v":0}
{"name":"hexo","hostname":"messiah-3.local","pid":9641,"level":20,"msg":"Plugin loaded: \u001b[35mhexo-server\u001b[39m","time":"2017-07-07T01:50:44.131Z","v":0}
{"name":"hexo","hostname":"messiah-3.local","pid":9641,"level":20,"msg":"Database saved","time":"2017-07-07T01:50:44.137Z","v":0}
